0 info it worked if it ends with ok
1 verbose cli [ 'E:\\Kyle\\Stuff\\node.exe',
1 verbose cli   'E:\\Kyle\\Stuff\\node_modules\\npm\\bin\\npm-cli.js',
1 verbose cli   'start' ]
2 info using npm@3.10.10
3 info using node@v6.11.4
4 verbose run-script [ 'prestart', 'start', 'poststart' ]
5 info lifecycle friendfinder@1.0.0~prestart: friendfinder@1.0.0
6 silly lifecycle friendfinder@1.0.0~prestart: no script for prestart, continuing
7 info lifecycle friendfinder@1.0.0~start: friendfinder@1.0.0
8 verbose lifecycle friendfinder@1.0.0~start: unsafe-perm in lifecycle true
9 verbose lifecycle friendfinder@1.0.0~start: PATH: E:\Kyle\Stuff\node_modules\npm\bin\node-gyp-bin;C:\Users\Kyle\Desktop\Coding Stuff\FriendFinder\node_modules\.bin;C:\Users\Kyle\bin;C:\Program Files\Git\mingw64\bin;C:\Program Files\Git\usr\local\bin;C:\Program Files\Git\usr\bin;C:\Program Files\Git\usr\bin;C:\Program Files\Git\mingw64\bin;C:\Program Files\Git\usr\bin;C:\Users\Kyle\bin;C:\WINDOWS\system32;C:\WINDOWS;C:\WINDOWS\System32\Wbem;C:\WINDOWS\System32\WindowsPowerShell\v1.0;C:\Program Files (x86)\ATI Technologies\ATI.ACE\Core-Static;E:\Kyle\Stuff;C:\Program Files\MySQL\MySQL Utilities 1.6;C:\Program Files\Git\cmd;C:\Users\Kyle\AppData\Local\Microsoft\WindowsApps;C:\Users\Kyle\AppData\Roaming\npm;E:\Kyle\Stuff\Microsoft VS Code\bin;C:\Program Files\Git\usr\bin\vendor_perl;C:\Program Files\Git\usr\bin\core_perl
10 verbose lifecycle friendfinder@1.0.0~start: CWD: C:\Users\Kyle\Desktop\Coding Stuff\FriendFinder
11 silly lifecycle friendfinder@1.0.0~start: Args: [ '/d /s /c', 'node server.js' ]
12 silly lifecycle friendfinder@1.0.0~start: Returned: code: 1  signal: null
13 info lifecycle friendfinder@1.0.0~start: Failed to exec start script
14 verbose stack Error: friendfinder@1.0.0 start: `node server.js`
14 verbose stack Exit status 1
14 verbose stack     at EventEmitter.<anonymous> (E:\Kyle\Stuff\node_modules\npm\lib\utils\lifecycle.js:255:16)
14 verbose stack     at emitTwo (events.js:106:13)
14 verbose stack     at EventEmitter.emit (events.js:191:7)
14 verbose stack     at ChildProcess.<anonymous> (E:\Kyle\Stuff\node_modules\npm\lib\utils\spawn.js:40:14)
14 verbose stack     at emitTwo (events.js:106:13)
14 verbose stack     at ChildProcess.emit (events.js:191:7)
14 verbose stack     at maybeClose (internal/child_process.js:920:16)
14 verbose stack     at Process.ChildProcess._handle.onexit (internal/child_process.js:230:5)
15 verbose pkgid friendfinder@1.0.0
16 verbose cwd C:\Users\Kyle\Desktop\Coding Stuff\FriendFinder
17 error Windows_NT 10.0.15063
18 error argv "E:\\Kyle\\Stuff\\node.exe" "E:\\Kyle\\Stuff\\node_modules\\npm\\bin\\npm-cli.js" "start"
19 error node v6.11.4
20 error npm  v3.10.10
21 error code ELIFECYCLE
22 error friendfinder@1.0.0 start: `node server.js`
22 error Exit status 1
23 error Failed at the friendfinder@1.0.0 start script 'node server.js'.
23 error Make sure you have the latest version of node.js and npm installed.
23 error If you do, this is most likely a problem with the friendfinder package,
23 error not with npm itself.
23 error Tell the author that this fails on your system:
23 error     node server.js
23 error You can get information on how to open an issue for this project with:
23 error     npm bugs friendfinder
23 error Or if that isn't available, you can get their info via:
23 error     npm owner ls friendfinder
23 error There is likely additional logging output above.
24 verbose exit [ 1, true ]
